<?xml version="1.0" encoding="UTF-8"?>
<!-- Generated by org.testng.reporters.JUnitXMLReporter -->
<testsuite ignored="0" hostname="DESKTOP-H79FOJO" failures="0" tests="18" name="Default test" time="0.91" errors="0" timestamp="2022-06-06T09:16:44 IST">
  <testcase classname="teastNg.Flag7" name="ft1" time="0.045"/>
  <testcase classname="teastNg.Flag7" name="ft2" time="0.013"/>
  <testcase classname="teastNg.Flag7" name="ft3" time="0.016"/>
  <testcase classname="teastNg.Flag7" name="ft4" time="0.016"/>
  <testcase classname="teastNg.Flag7" name="ft5" time="0.029"/>
  <testcase classname="teastNg.Flag7" name="ft6" time="0.017"/>
  <testcase classname="teastNg.Flag7" name="it1" time="0.004"/>
  <testcase classname="teastNg.Flag7" name="it2" time="0.01"/>
  <testcase classname="teastNg.Flag7" name="it3" time="0.005"/>
  <testcase classname="teastNg.Flag7" name="it4" time="0.006"/>
  <testcase classname="teastNg.Flag7" name="it5" time="0.008"/>
  <testcase classname="teastNg.Flag7" name="it6" time="0.015"/>
  <testcase classname="teastNg.Flag7" name="st1" time="0.003"/>
  <testcase classname="teastNg.Flag7" name="st2" time="0.009"/>
  <testcase classname="teastNg.Flag7" name="st3" time="0.012"/>
  <testcase classname="teastNg.Flag7" name="st4" time="0.131"/>
  <testcase classname="teastNg.Flag7" name="st5" time="0.009"/>
  <testcase classname="teastNg.Flag7" name="st6" time="0.002"/>
</testsuite> <!-- Default test -->
