<?xml version="1.0" encoding="UTF-8"?>
<!-- Generated by org.testng.reporters.JUnitXMLReporter -->
<testsuite ignored="0" hostname="DESKTOP-H79FOJO" failures="1" tests="3" name="Test" time="0.335" errors="0" timestamp="2022-06-04T15:27:38 IST">
  <testcase classname="teastNg.Remo" name="d" time="0.046">
    <failure type="java.lang.AssertionError">
      <![CDATA[java.lang.AssertionError
at org.junit.Assert.fail(Assert.java:86)
at org.junit.Assert.fail(Assert.java:95)
at teastNg.Remo.d(Remo.java:11)
at java.base/java.util.ArrayList.forEach(ArrayList.java:1511)
... Removed 27 stack frames]]>
    </failure>
  </testcase> <!-- d -->
  <testcase classname="teastNg.sumo" name="c" time="0.011"/>
  <testcase classname="teastNg.Demo" name="method1" time="0.005"/>
</testsuite> <!-- Test -->
